<?xml version="1.0" encoding="UTF-8"?>
<!-- Generated by org.testng.reporters.JUnitXMLReporter -->
<testsuite hostname="DC-PF2A626C" ignored="0" name="Command line test" tests="4" failures="1" timestamp="2021-12-17T14:35:12 CST" time="21.28" errors="0">
  <testcase name="verifyUserNameTest" time="2.871" classname="com.hudl.testcases.HomePageTest"/>
  <testcase name="verifyHomepageTitleTest" time="0.004" classname="com.hudl.testcases.HomePageTest">
    <failure type="java.lang.AssertionError" message="Home Page Title Not Matched expected [Home - Hudl] but found [Log In - Hudl]">
      <![CDATA[java.lang.AssertionError: Home Page Title Not Matched expected [Home - Hudl] but found [Log In - Hudl]
at com.hudl.testcases.HomePageTest.verifyHomepageTitleTest(HomePageTest.java:34)
at java.util.ArrayList.forEach(ArrayList.java:1259)
... Removed 42 stack frames]]>
    </failure>
  </testcase> <!-- verifyHomepageTitleTest -->
  <testcase name="loginPageTitleTest" time="0.005" classname="com.hudl.testcases.LoginPageTest"/>
  <testcase name="loginTest" time="0.149" classname="com.hudl.testcases.LoginPageTest"/>
</testsuite> <!-- Command line test -->
