<?xml version="1.0" encoding="UTF-8" ?>
<testsuite tests="4" failures="1" name="TestSuite" time="3.033" errors="0" skipped="0">
  <properties>
[...]
</properties>
  <testcase classname="com.hudl.testcases.HomePageTest" name="verifyUserNameTest" time="2.873"/>
  <testcase classname="com.hudl.testcases.HomePageTest" name="verifyHomepageTitleTest" time="0.006">
    <failure message="Home Page Title Not Matched expected [Home - Hudl] but found [Log In - Hudl]" type="java.lang.AssertionError">java.lang.AssertionError: Home Page Title Not Matched expected [Home - Hudl] but found [Log In - Hudl]
	at org.testng.Assert.fail(Assert.java:99)
	at org.testng.Assert.failNotEquals(Assert.java:1037)
	at org.testng.Assert.assertEqualsImpl(Assert.java:140)
	at org.testng.Assert.assertEquals(Assert.java:122)
	at org.testng.Assert.assertEquals(Assert.java:629)
	at com.hudl.testcases.HomePageTest.verifyHomepageTitleTest(HomePageTest.java:34)
</failure>
    <system-err>Starting ChromeDriver 96.0.4664.35 (8df3babf8da8faa8aacb78f4848ef66a93b4944b-refs/branch-heads/4664@{#680}) on port 63538
Only local connections are allowed.
Please see https://chromedriver.chromium.org/security-considerations for suggestions on keeping ChromeDriver safe.
ChromeDriver was started successfully.
Dec 17, 2021 2:35:01 PM org.openqa.selenium.remote.ProtocolHandshake createSession
INFO: Detected dialect: W3C
Dec 17, 2021 2:35:01 PM org.openqa.selenium.devtools.CdpVersionFinder findNearestMatch
INFO: Found exact CDP implementation for version 96
</system-err>
  </testcase>
  <testcase classname="com.hudl.testcases.LoginPageTest" name="loginPageTitleTest" time="0.004"/>
  <testcase classname="com.hudl.testcases.LoginPageTest" name="loginTest" time="0.15"/>
</testsuite>