<?xml version="1.0" encoding="UTF-8"?>
<!-- Generated by org.testng.reporters.JUnitXMLReporter -->
<testsuite hostname="DC-PF2A626C" name="Log In to Hudl and Verify Successful Login" tests="4" failures="1" timestamp="17 Dec 2021 21:26:15 GMT" time="20.645" errors="0">
  <testcase name="loginPageTitleTest" time="0.024" classname="com.hudl.testcases.LoginPageTest"/>
  <testcase name="loginTest" time="0.142" classname="com.hudl.testcases.LoginPageTest"/>
  <testcase name="verifyUserNameTest" time="2.88" classname="com.hudl.testcases.HomePageTest"/>
  <testcase name="verifyHomepageTitleTest" time="0.004" classname="com.hudl.testcases.HomePageTest">
    <failure type="java.lang.AssertionError" message="Home Page Title Not Matched expected [Home - Hudl] but found [Log In - Hudl]">
      <![CDATA[java.lang.AssertionError: Home Page Title Not Matched expected [Home - Hudl] but found [Log In - Hudl]
	at com.hudl.testcases.HomePageTest.verifyHomepageTitleTest(HomePageTest.java:34)
... Removed 29 stack frames]]>
    </failure>
  </testcase> <!-- verifyHomepageTitleTest -->
</testsuite> <!-- Log In to Hudl and Verify Successful Login -->
